Removed Pin From Net: NetName=GND Pin=C4-1
Removed Pin From Net: NetName=VWALL Pin=C4-2
Removed Pin From Net: NetName=GND Pin=C5-2
Removed Pin From Net: NetName=VBAT Pin=C6-1
Removed Pin From Net: NetName=GND Pin=C6-2
Removed Pin From Net: NetName=VWALL Pin=C13-1
Removed Pin From Net: NetName=GND Pin=C13-2
Removed Pin From Net: NetName=GND Pin=C14-2
Removed Pin From Net: NetName=GND Pin=D3-2
Removed Pin From Net: NetName=CHARGER Pin=R4-1
Removed Pin From Net: NetName=CHARGER Pin=R5-2
Removed Pin From Net: NetName=GND Pin=R7-1
Removed Pin From Net: NetName=VWALL Pin=R7-3
Removed Pin From Net: NetName=GND Pin=R9-1
Removed Pin From Net: NetName=GND Pin=R10-1
Removed Pin From Net: NetName=GND Pin=R20-2
Removed Pin From Net: NetName=VBAT Pin=SW1-1
Removed Pin From Net: NetName=GND Pin=SW1-2
Removed Pin From Net: NetName=GND Pin=SW1-5
Removed Pin From Net: NetName=GND Pin=U2-4
Removed Pin From Net: NetName=VWALL Pin=U2-8
Removed Pin From Net: NetName=GND Pin=U4-4
Removed Pin From Net: NetName=VWALL Pin=U4-8
Removed Member From Class: ClassName=Control_Sig Member=C4
Removed Member From Class: ClassName=Control_Sig Member=C5
Removed Member From Class: ClassName=Control_Sig Member=C6
Removed Member From Class: ClassName=Control_Sig Member=C13
Removed Member From Class: ClassName=Control_Sig Member=C14
Removed Member From Class: ClassName=Control_Sig Member=D3
Removed Member From Class: ClassName=Control_Sig Member=R4
Removed Member From Class: ClassName=Control_Sig Member=R5
Removed Member From Class: ClassName=Control_Sig Member=R6
Removed Member From Class: ClassName=Control_Sig Member=R7
Removed Member From Class: ClassName=Control_Sig Member=R9
Removed Member From Class: ClassName=Control_Sig Member=R10
Removed Member From Class: ClassName=Control_Sig Member=R11
Removed Member From Class: ClassName=Control_Sig Member=R12
Removed Member From Class: ClassName=Control_Sig Member=R13
Removed Member From Class: ClassName=Control_Sig Member=R14
Removed Member From Class: ClassName=Control_Sig Member=R20
Removed Member From Class: ClassName=Control_Sig Member=SW1
Removed Member From Class: ClassName=Control_Sig Member=U2
Removed Member From Class: ClassName=Control_Sig Member=U4
Added Pin To Net: NetName=VCC Pin=U8-14
