Change Component Designator: Old Designator=A New Designator=A?
Change Component Designator: Old Designator=B New Designator=B?
Change Component Designator: Old Designator=C31 New Designator=C?
Change Component Designator: Old Designator=C32 New Designator=C?
Change Component Designator: Old Designator=DOWN New Designator=DOWN?
Change Component Designator: Old Designator=LEFT New Designator=LEFT?
Change Component Designator: Old Designator=LEFT_SHOULDER New Designator=LEFT_SHOULDER?
Change Component Designator: Old Designator=R12 New Designator=R?
Change Component Designator: Old Designator=R13 New Designator=R?
Change Component Designator: Old Designator=R14 New Designator=R?
Change Component Designator: Old Designator=R15 New Designator=R?
Change Component Designator: Old Designator=R16 New Designator=R?
Change Component Designator: Old Designator=R17 New Designator=R?
Change Component Designator: Old Designator=R18 New Designator=R?
Change Component Designator: Old Designator=R19 New Designator=R?
Change Component Designator: Old Designator=R20 New Designator=R?
Change Component Designator: Old Designator=R21 New Designator=R?
Change Component Designator: Old Designator=R22 New Designator=R?
Change Component Designator: Old Designator=R23 New Designator=R?
Change Component Designator: Old Designator=RIGHT New Designator=RIGHT?
Change Component Designator: Old Designator=RIGHT_SHOULDER New Designator=RIGHT_SHOULDER?
Change Component Designator: Old Designator=SELECT New Designator=SELECT?
Change Component Designator: Old Designator=START New Designator=START?
Change Component Designator: Old Designator=U3 New Designator=U?
Change Component Designator: Old Designator=U4 New Designator=U?
Change Component Designator: Old Designator=UP New Designator=UP?
Change Component Designator: Old Designator=X New Designator=X?
Change Component Designator: Old Designator=Y New Designator=Y?
