Change Component Designator: Old Designator=A? New Designator=A1
Change Component Designator: Old Designator=B? New Designator=B1
Change Component Designator: Old Designator=C? New Designator=C31
Change Component Designator: Old Designator=C? New Designator=C32
Change Component Designator: Old Designator=DOWN? New Designator=DOWN1
Change Component Designator: Old Designator=LEFT? New Designator=LEFT1
Change Component Designator: Old Designator=LEFT_SHOULDER? New Designator=LEFT_SHOULDER1
Change Component Designator: Old Designator=R? New Designator=R8
Change Component Designator: Old Designator=R? New Designator=R9
Change Component Designator: Old Designator=R? New Designator=R10
Change Component Designator: Old Designator=R? New Designator=R11
Change Component Designator: Old Designator=R? New Designator=R12
Change Component Designator: Old Designator=R? New Designator=R13
Change Component Designator: Old Designator=R? New Designator=R14
Change Component Designator: Old Designator=R? New Designator=R15
Change Component Designator: Old Designator=R? New Designator=R16
Change Component Designator: Old Designator=R? New Designator=R17
Change Component Designator: Old Designator=R? New Designator=R18
Change Component Designator: Old Designator=R? New Designator=R19
Change Component Designator: Old Designator=RIGHT? New Designator=RIGHT1
Change Component Designator: Old Designator=RIGHT_SHOULDER? New Designator=RIGHT_SHOULDER1
Change Component Designator: Old Designator=SELECT? New Designator=SELECT1
Change Component Designator: Old Designator=START? New Designator=START1
Change Component Designator: Old Designator=U? New Designator=U3
Change Component Designator: Old Designator=U? New Designator=U4
Change Component Designator: Old Designator=UP? New Designator=UP1
Change Component Designator: Old Designator=X? New Designator=X1
Change Component Designator: Old Designator=Y? New Designator=Y3
