Added Component: Designator=C31(RAD-0.3)
Added Component: Designator=C32(RAD-0.3)
Added Component: Designator=R10(6-0805_M)
Added Component: Designator=R11(6-0805_M)
Added Component: Designator=R12(6-0805_M)
Added Component: Designator=R13(6-0805_M)
Added Component: Designator=R14(6-0805_M)
Added Component: Designator=R15(6-0805_M)
Added Component: Designator=R16(6-0805_M)
Added Component: Designator=R17(6-0805_M)
Added Component: Designator=R18(6-0805_M)
Added Component: Designator=R19(6-0805_M)
Added Component: Designator=R20(6-0805_M)
Added Component: Designator=R21(6-0805_M)
Added Component: Designator=R22(6-0805_M)
Added Component: Designator=R23(6-0805_M)
Added Component: Designator=S2(12mmSwitch)
Added Component: Designator=S3(12mmSwitch)
Added Component: Designator=S4(12mmSwitch)
Added Component: Designator=S5(12mmSwitch)
Added Component: Designator=S6(12mmSwitch)
Added Component: Designator=S7(12mmSwitch)
Added Component: Designator=S8(12mmSwitch)
Added Component: Designator=S9(12mmSwitch)
Added Component: Designator=S10(12mmSwitch)
Added Component: Designator=S11(12mmSwitch)
Added Component: Designator=S12(12mmSwitch)
Added Component: Designator=S13(12mmSwitch)
Added Component: Designator=U3(SOP16_Hand)
Added Component: Designator=U4(SOP16_Hand)
Added Pin To Net: NetName=FMC_A11 Pin=U1-67
Added Pin To Net: NetName=BTN_A Pin=R12-2
Added Pin To Net: NetName=BTN_A Pin=S2-1
Added Pin To Net: NetName=BTN_A Pin=S2-1
Added Pin To Net: NetName=BTN_A Pin=U3-6
Added Net: Name=BTN_A
Added Pin To Net: NetName=BTN_B Pin=R13-2
Added Pin To Net: NetName=BTN_B Pin=S3-1
Added Pin To Net: NetName=BTN_B Pin=S3-1
Added Pin To Net: NetName=BTN_B Pin=U3-5
Added Net: Name=BTN_B
Added Pin To Net: NetName=BTN_DWN Pin=R17-2
Added Pin To Net: NetName=BTN_DWN Pin=S7-1
Added Pin To Net: NetName=BTN_DWN Pin=S7-1
Added Pin To Net: NetName=BTN_DWN Pin=U3-13
Added Net: Name=BTN_DWN
Added Pin To Net: NetName=BTN_LFT Pin=R18-2
Added Pin To Net: NetName=BTN_LFT Pin=S8-1
Added Pin To Net: NetName=BTN_LFT Pin=S8-1
Added Pin To Net: NetName=BTN_LFT Pin=U3-12
Added Net: Name=BTN_LFT
Added Pin To Net: NetName=BTN_LS Pin=R20-2
Added Pin To Net: NetName=BTN_LS Pin=S10-1
Added Pin To Net: NetName=BTN_LS Pin=S10-1
Added Pin To Net: NetName=BTN_LS Pin=U4-6
Added Net: Name=BTN_LS
Added Pin To Net: NetName=BTN_RIGHT Pin=R19-2
Added Pin To Net: NetName=BTN_RIGHT Pin=S9-1
Added Pin To Net: NetName=BTN_RIGHT Pin=S9-1
Added Pin To Net: NetName=BTN_RIGHT Pin=U3-11
Added Net: Name=BTN_RIGHT
Added Pin To Net: NetName=BTN_RS Pin=R21-2
Added Pin To Net: NetName=BTN_RS Pin=S11-1
Added Pin To Net: NetName=BTN_RS Pin=S11-1
Added Pin To Net: NetName=BTN_RS Pin=U4-5
Added Net: Name=BTN_RS
Added Pin To Net: NetName=BTN_SEL Pin=R23-2
Added Pin To Net: NetName=BTN_SEL Pin=S13-1
Added Pin To Net: NetName=BTN_SEL Pin=S13-1
Added Pin To Net: NetName=BTN_SEL Pin=U4-3
Added Net: Name=BTN_SEL
Added Pin To Net: NetName=BTN_STRT Pin=R22-2
Added Pin To Net: NetName=BTN_STRT Pin=S12-1
Added Pin To Net: NetName=BTN_STRT Pin=S12-1
Added Pin To Net: NetName=BTN_STRT Pin=U4-4
Added Net: Name=BTN_STRT
Added Pin To Net: NetName=BTN_UP Pin=R16-2
Added Pin To Net: NetName=BTN_UP Pin=S6-1
Added Pin To Net: NetName=BTN_UP Pin=S6-1
Added Pin To Net: NetName=BTN_UP Pin=U3-14
Added Net: Name=BTN_UP
Added Pin To Net: NetName=BTN_X Pin=R14-2
Added Pin To Net: NetName=BTN_X Pin=S4-1
Added Pin To Net: NetName=BTN_X Pin=S4-1
Added Pin To Net: NetName=BTN_X Pin=U3-4
Added Net: Name=BTN_X
Added Pin To Net: NetName=BTN_Y Pin=R15-2
Added Pin To Net: NetName=BTN_Y Pin=S5-1
Added Pin To Net: NetName=BTN_Y Pin=S5-1
Added Pin To Net: NetName=BTN_Y Pin=U3-3
Added Net: Name=BTN_Y
Added Pin To Net: NetName=NetCON1_11 Pin=CON1-11
Added Pin To Net: NetName=NetCON1_11 Pin=R11-2
Added Net: Name=NetCON1_11
Added Pin To Net: NetName=SHIFT_CENTER Pin=U3-10
Added Pin To Net: NetName=SHIFT_CENTER Pin=U4-9
Added Net: Name=SHIFT_CENTER
Added Class: Name=Buttons
Added Room: Name=Buttons
