Added Component: Designator=C1(C0805)
Added Component: Designator=C2(C0805)
Added Component: Designator=C3(C0805)
Added Component: Designator=C4(C0805)
Added Component: Designator=C5(C0805)
Added Component: Designator=C6(C0805)
Added Component: Designator=C7(C0805)
Added Component: Designator=C8(C0805)
Added Component: Designator=C9(C0805)
Added Component: Designator=C10(C0805)
Added Component: Designator=C11(C0805)
Added Component: Designator=C12(C0805)
Added Component: Designator=C13(C0805)
Added Component: Designator=C14(C0805)
Added Component: Designator=C15(C0805)
Added Component: Designator=C16(C0805)
Added Component: Designator=C17(C0805)
Added Component: Designator=C18(C0805)
Added Component: Designator=C19(C0805)
Added Component: Designator=C20(C0805)
Added Component: Designator=C21(C0805)
Added Component: Designator=C22(C0805)
Added Component: Designator=C23(C0805)
Added Component: Designator=C24(C0805)
Added Component: Designator=C25(C0805)
Added Component: Designator=C26(C0805)
Added Component: Designator=C27(C0805)
Added Component: Designator=C28(C0805)
Added Component: Designator=C29(C0805)
Added Component: Designator=C30(C0805)
Added Component: Designator=C31(C0805)
Added Component: Designator=C32(C0805)
Added Component: Designator=R1(6-0805_M)
Added Component: Designator=R2(6-0805_M)
Added Component: Designator=R3(6-0805_M)
Added Component: Designator=R4(6-0805_M)
Added Component: Designator=R5(6-0805_M)
Added Component: Designator=R6(6-0805_M)
Added Component: Designator=R7(6-0805_M)
Added Component: Designator=R8(6-0805_M)
Added Component: Designator=R9(6-0805_M)
Added Component: Designator=R10(6-0805_M)
Added Component: Designator=R11(6-0805_M)
Added Component: Designator=R12(6-0805_M)
Added Component: Designator=R13(6-0805_M)
Added Component: Designator=R14(6-0805_M)
Added Component: Designator=R15(6-0805_M)
Added Component: Designator=R16(6-0805_M)
Added Component: Designator=R17(6-0805_M)
Added Component: Designator=R18(6-0805_M)
Added Component: Designator=R19(6-0805_M)
Added Component: Designator=R20(6-0805_M)
Added Component: Designator=R21(6-0805_M)
Added Component: Designator=R22(6-0805_M)
Added Component: Designator=R23(6-0805_M)
Added Component: Designator=R24(6-0805_M)
Added Component: Designator=R25(6-0805_M)
Added Component: Designator=S1(SPST-2)
Added Pin To Net: NetName=GND Pin=C1-1
Added Pin To Net: NetName=NetC1_2 Pin=C1-2
Added Pin To Net: NetName=GND Pin=C2-1
Added Pin To Net: NetName=NetC2_2 Pin=C2-2
Added Pin To Net: NetName=GND Pin=C3-1
Added Pin To Net: NetName=NetC3_2 Pin=C3-2
Added Pin To Net: NetName=GND Pin=C4-1
Added Pin To Net: NetName=NetC4_2 Pin=C4-2
Added Pin To Net: NetName=GND Pin=C5-1
Added Pin To Net: NetName=3V3P Pin=C5-2
Added Pin To Net: NetName=GND Pin=C6-1
Added Pin To Net: NetName=3V3P Pin=C6-2
Added Pin To Net: NetName=GND Pin=C7-1
Added Pin To Net: NetName=3V3P Pin=C7-2
Added Pin To Net: NetName=GND Pin=C8-1
Added Pin To Net: NetName=3V3P Pin=C8-2
Added Pin To Net: NetName=GND Pin=C9-1
Added Pin To Net: NetName=3V3P Pin=C9-2
Added Pin To Net: NetName=GND Pin=C10-1
Added Pin To Net: NetName=3V3P Pin=C10-2
Added Pin To Net: NetName=GND Pin=C11-1
Added Pin To Net: NetName=3V3P Pin=C11-2
Added Pin To Net: NetName=GND Pin=C12-1
Added Pin To Net: NetName=3V3P Pin=C12-2
Added Pin To Net: NetName=3V3PB Pin=C13-1
Added Pin To Net: NetName=GND Pin=C13-2
Added Pin To Net: NetName=VCAP1 Pin=C14-1
Added Pin To Net: NetName=GND Pin=C14-2
Added Pin To Net: NetName=VCAP2 Pin=C15-1
Added Pin To Net: NetName=GND Pin=C15-2
Added Pin To Net: NetName=GND Pin=C16-1
Added Pin To Net: NetName=3V3P Pin=C16-2
Added Pin To Net: NetName=GND Pin=C17-1
Added Pin To Net: NetName=3V3P Pin=C17-2
Added Pin To Net: NetName=GND Pin=C18-1
Added Pin To Net: NetName=3V3P Pin=C18-2
Added Pin To Net: NetName=GND Pin=C19-1
Added Pin To Net: NetName=3V3P Pin=C19-2
Added Pin To Net: NetName=GND Pin=C20-1
Added Pin To Net: NetName=3V3P Pin=C20-2
Added Pin To Net: NetName=GND Pin=C21-1
Added Pin To Net: NetName=3V3P Pin=C21-2
Added Pin To Net: NetName=GND Pin=C22-1
Added Pin To Net: NetName=3V3P Pin=C22-2
Added Pin To Net: NetName=GND Pin=C23-1
Added Pin To Net: NetName=3V3P Pin=C23-2
Added Pin To Net: NetName=GND Pin=C24-1
Added Pin To Net: NetName=3V3P Pin=C24-2
Added Pin To Net: NetName=GND Pin=C25-1
Added Pin To Net: NetName=3V3P Pin=C25-2
Added Pin To Net: NetName=GND Pin=C26-1
Added Pin To Net: NetName=RESET Pin=C26-2
Added Pin To Net: NetName=GND Pin=C27-1
Added Pin To Net: NetName=3V3P Pin=C27-2
Added Pin To Net: NetName=GND Pin=C28-1
Added Pin To Net: NetName=3V3P Pin=C28-2
Added Pin To Net: NetName=GND Pin=C29-1
Added Pin To Net: NetName=3V3P Pin=C29-2
Added Pin To Net: NetName=GND Pin=C30-1
Added Pin To Net: NetName=3V3P Pin=C30-2
Added Pin To Net: NetName=GND Pin=C31-1
Added Pin To Net: NetName=3V3P Pin=C31-2
Added Pin To Net: NetName=GND Pin=C32-1
Added Pin To Net: NetName=3V3P Pin=C32-2
Added Pin To Net: NetName=OSC_MAIN_IN Pin=R1-1
Added Pin To Net: NetName=NetC1_2 Pin=R1-2
Added Pin To Net: NetName=NetC2_2 Pin=R2-1
Added Pin To Net: NetName=OSC_MAIN_OUT Pin=R2-2
Added Pin To Net: NetName=OSC_RTC_IN Pin=R3-1
Added Pin To Net: NetName=NetC3_2 Pin=R3-2
Added Pin To Net: NetName=NetC4_2 Pin=R4-1
Added Pin To Net: NetName=OSC_RTC_OUT Pin=R4-2
Added Pin To Net: NetName=SDIO_CMD Pin=R5-1
Added Pin To Net: NetName=3V3P Pin=R5-2
Added Pin To Net: NetName=SDIO_D3 Pin=R6-1
Added Pin To Net: NetName=3V3P Pin=R6-2
Added Pin To Net: NetName=SDIO_D2 Pin=R7-1
Added Pin To Net: NetName=3V3P Pin=R7-2
Added Pin To Net: NetName=SDIO_D1 Pin=R8-1
Added Pin To Net: NetName=3V3P Pin=R8-2
Added Pin To Net: NetName=SDIO_D0 Pin=R9-1
Added Pin To Net: NetName=3V3P Pin=R9-2
Added Pin To Net: NetName=3V3P Pin=R10-1
Added Pin To Net: NetName=SD_DETECT Pin=R10-2
Added Pin To Net: NetName=3V3P Pin=R11-1
Added Pin To Net: NetName=NetCON1_11 Pin=R11-2
Added Pin To Net: NetName=3V3P Pin=R12-1
Added Pin To Net: NetName=BTN_A Pin=R12-2
Added Pin To Net: NetName=3V3P Pin=R13-1
Added Pin To Net: NetName=BTN_B Pin=R13-2
Added Pin To Net: NetName=3V3P Pin=R14-1
Added Pin To Net: NetName=BTN_X Pin=R14-2
Added Pin To Net: NetName=3V3P Pin=R15-1
Added Pin To Net: NetName=BTN_Y Pin=R15-2
Added Pin To Net: NetName=3V3P Pin=R16-1
Added Pin To Net: NetName=BTN_UP Pin=R16-2
Added Pin To Net: NetName=3V3P Pin=R17-1
Added Pin To Net: NetName=BTN_DWN Pin=R17-2
Added Pin To Net: NetName=3V3P Pin=R18-1
Added Pin To Net: NetName=BTN_LFT Pin=R18-2
Added Pin To Net: NetName=3V3P Pin=R19-1
Added Pin To Net: NetName=BTN_RIGHT Pin=R19-2
Added Pin To Net: NetName=3V3P Pin=R20-1
Added Pin To Net: NetName=BTN_LS Pin=R20-2
Added Pin To Net: NetName=3V3P Pin=R21-1
Added Pin To Net: NetName=BTN_RS Pin=R21-2
Added Pin To Net: NetName=3V3P Pin=R22-1
Added Pin To Net: NetName=BTN_STRT Pin=R22-2
Added Pin To Net: NetName=3V3P Pin=R23-1
Added Pin To Net: NetName=BTN_SEL Pin=R23-2
Added Pin To Net: NetName=3V3P Pin=R24-1
Added Pin To Net: NetName=NetCON3_3 Pin=R24-2
Added Pin To Net: NetName=3V3P Pin=R25-1
Added Pin To Net: NetName=NetCON3_4 Pin=R25-2
Added Pin To Net: NetName=RESET Pin=S1-1
Added Pin To Net: NetName=GND Pin=S1-2
Added Pin To Net: NetName=FMC_A11 Pin=U1-67
Added Member To Class: ClassName=CPU_Power_XTAL_Prog Member=Component C1 10 pF
Added Member To Class: ClassName=CPU_Power_XTAL_Prog Member=Component C2 10 pF
Added Member To Class: ClassName=CPU_Power_XTAL_Prog Member=Component C3 10 pF
Added Member To Class: ClassName=CPU_Power_XTAL_Prog Member=Component C4 10 pF
Added Member To Class: ClassName=CPU_Power_XTAL_Prog Member=Component C5 100nF
Added Member To Class: ClassName=CPU_Power_XTAL_Prog Member=Component C6 100nF
Added Member To Class: ClassName=CPU_Power_XTAL_Prog Member=Component C7 100nF
Added Member To Class: ClassName=CPU_Power_XTAL_Prog Member=Component C8 100nF
Added Member To Class: ClassName=CPU_Power_XTAL_Prog Member=Component C9 100nF
Added Member To Class: ClassName=CPU_Power_XTAL_Prog Member=Component C10 100nF
Added Member To Class: ClassName=CPU_Power_XTAL_Prog Member=Component C11 100nF
Added Member To Class: ClassName=CPU_Power_XTAL_Prog Member=Component C12 100nF
Added Member To Class: ClassName=CPU_Power_XTAL_Prog Member=Component C13 100nF
Added Member To Class: ClassName=CPU_Power_XTAL_Prog Member=Component C14 2.2 uF
Added Member To Class: ClassName=CPU_Power_XTAL_Prog Member=Component C15 2.2 uF
Added Member To Class: ClassName=CPU_Power_XTAL_Prog Member=Component C16 10 uF
Added Member To Class: ClassName=CPU_Power_XTAL_Prog Member=Component C17 10 uF
Added Member To Class: ClassName=CPU_Power_XTAL_Prog Member=Component C18 100nF
Added Member To Class: ClassName=CPU_Power_XTAL_Prog Member=Component C19 100nF
Added Member To Class: ClassName=CPU_Power_XTAL_Prog Member=Component C20 100nF
Added Member To Class: ClassName=CPU_Power_XTAL_Prog Member=Component C21 100nF
Added Member To Class: ClassName=CPU_Power_XTAL_Prog Member=Component C22 100nF
Added Member To Class: ClassName=CPU_Power_XTAL_Prog Member=Component C23 100nF
Added Member To Class: ClassName=CPU_Power_XTAL_Prog Member=Component C24 100nF
Added Member To Class: ClassName=CPU_Power_XTAL_Prog Member=Component C25 100nF
Added Member To Class: ClassName=CPU_Power_XTAL_Prog Member=Component C26 .1 uF
Added Member To Class: ClassName=sdcard_ram Member=Component C27 100nF
Added Member To Class: ClassName=sdcard_ram Member=Component C28 4.7 uF
Added Member To Class: ClassName=sdcard_ram Member=Component C29 100nF
Added Member To Class: ClassName=sdcard_ram Member=Component C30 4.7 uF
Added Member To Class: ClassName=Buttons Member=Component C31 100 nF
Added Member To Class: ClassName=Buttons Member=Component C32 100 nF
Added Member To Class: ClassName=CPU_Power_XTAL_Prog Member=Component R1 1K
Added Member To Class: ClassName=CPU_Power_XTAL_Prog Member=Component R2 1K
Added Member To Class: ClassName=CPU_Power_XTAL_Prog Member=Component R3 1K
Added Member To Class: ClassName=CPU_Power_XTAL_Prog Member=Component R4 1K
Added Member To Class: ClassName=sdcard_ram Member=Component R5 Res1
Added Member To Class: ClassName=sdcard_ram Member=Component R6 Res1
Added Member To Class: ClassName=sdcard_ram Member=Component R7 Res1
Added Member To Class: ClassName=sdcard_ram Member=Component R8 Res1
Added Member To Class: ClassName=sdcard_ram Member=Component R9 Res1
Added Member To Class: ClassName=sdcard_ram Member=Component R10 Res1
Added Member To Class: ClassName=sdcard_ram Member=Component R11 Res1
Added Member To Class: ClassName=Buttons Member=Component R12 10K
Added Member To Class: ClassName=Buttons Member=Component R13 10K
Added Member To Class: ClassName=Buttons Member=Component R14 10K
Added Member To Class: ClassName=Buttons Member=Component R15 10K
Added Member To Class: ClassName=Buttons Member=Component R16 10K
Added Member To Class: ClassName=Buttons Member=Component R17 10K
Added Member To Class: ClassName=Buttons Member=Component R18 10K
Added Member To Class: ClassName=Buttons Member=Component R19 10K
Added Member To Class: ClassName=Buttons Member=Component R20 10K
Added Member To Class: ClassName=Buttons Member=Component R21 10K
Added Member To Class: ClassName=Buttons Member=Component R22 10K
Added Member To Class: ClassName=Buttons Member=Component R23 10K
Added Member To Class: ClassName=LCD_touch_conn Member=Component R24 10K
Added Member To Class: ClassName=LCD_touch_conn Member=Component R25 10K
Added Member To Class: ClassName=CPU_Power_XTAL_Prog Member=Component S1 Value
