Removed Pin From Net: NetName=GND Pin=C43-1
Removed Pin From Net: NetName=GND Pin=C47-2
Removed Pin From Net: NetName=GND Pin=C57-1
Removed Pin From Net: NetName=GND Pin=LS1-2
Removed Pin From Net: NetName=GND Pin=LS2-2
Removed Pin From Net: NetName=GND Pin=Pot0-3
Removed Pin From Net: NetName=GND Pin=Pot0-4
Removed Pin From Net: NetName=GND Pin=R33-2
Removed Pin From Net: NetName=GND Pin=R35-1
Removed Pin From Net: NetName=GND Pin=R40-2
Removed Pin From Net: NetName=GND Pin=U6-6
Removed Pin From Net: NetName=GND Pin=U7-4
Removed Pin From Net: NetName=GND Pin=U8-3
Removed Pin From Net: NetName=GND Pin=U9-3
Added Component: Designator=R_A0(6-0805_M)
Added Component: Designator=R_A1(6-0805_M)
Added Pin To Net: NetName=GND Pin=R_A0-2
Added Pin To Net: NetName=GND Pin=R_A1-2
Added Pin To Net: NetName=AGND Pin=C43-1
Added Pin To Net: NetName=AGND Pin=C47-2
Added Pin To Net: NetName=AGND Pin=C57-1
Added Pin To Net: NetName=AGND Pin=LS1-2
Added Pin To Net: NetName=AGND Pin=LS2-2
Added Pin To Net: NetName=AGND Pin=Pot0-3
Added Pin To Net: NetName=AGND Pin=Pot0-4
Added Pin To Net: NetName=AGND Pin=R33-2
Added Pin To Net: NetName=AGND Pin=R35-1
Added Pin To Net: NetName=AGND Pin=R40-2
Added Pin To Net: NetName=AGND Pin=R_A0-1
Added Pin To Net: NetName=AGND Pin=R_A1-1
Added Pin To Net: NetName=AGND Pin=U6-6
Added Pin To Net: NetName=AGND Pin=U7-4
Added Pin To Net: NetName=AGND Pin=U8-3
Added Pin To Net: NetName=AGND Pin=U9-3
Added Net: Name=AGND
Added Member To Class: ClassName=Audio Member=Component R_A0 0
Added Member To Class: ClassName=Audio Member=Component R_A1 0
