Added Component: Designator=C?(C0805)
Added Component: Designator=C?(C0805)
Added Component: Designator=C?(C0805)
Added Component: Designator=C?(C0805)
Added Component: Designator=C?(C0805)
Added Component: Designator=C?(C0805)
Added Component: Designator=C?(C0805)
Added Component: Designator=C?(C0805)
Added Component: Designator=C?(C0805)
Added Component: Designator=C?(6-0805_L)
Added Component: Designator=C?(C0805)
Added Component: Designator=C?(C0805)
Added Component: Designator=C?(C0805)
Added Component: Designator=C?(C0805)
Added Component: Designator=C?(C0805)
Added Component: Designator=C?(C0805)
Added Component: Designator=C?(C0805)
Added Component: Designator=C?(C0805)
Added Component: Designator=C?(C0805)
Added Component: Designator=C?(C0805)
Added Component: Designator=C?(C0805)
Added Component: Designator=C?(C0805)
Added Component: Designator=P?(HDR2X5)
Added Component: Designator=P?(HDR1X2)
Added Component: Designator=S?(SPST-2)
Added Component: Designator=U1(LQFP76)
Added Component: Designator=Y?(R38)
Added Component: Designator=Y?(R38)
Added Pin To Net: NetName=3V3PB Pin=C?-1
Added Pin To Net: NetName=3V3PB Pin=P?-3
Added Pin To Net: NetName=3V3PB Pin=U1-6
Added Net: Name=3V3PB
Added Pin To Net: NetName=3V3P Pin=C?-2
Added Pin To Net: NetName=3V3P Pin=C?-2
Added Pin To Net: NetName=3V3P Pin=C?-2
Added Pin To Net: NetName=3V3P Pin=C?-2
Added Pin To Net: NetName=3V3P Pin=C?-2
Added Pin To Net: NetName=3V3P Pin=C?-2
Added Pin To Net: NetName=3V3P Pin=C?-2
Added Pin To Net: NetName=3V3P Pin=C?-2
Added Pin To Net: NetName=3V3P Pin=C?-2
Added Pin To Net: NetName=3V3P Pin=C?-2
Added Pin To Net: NetName=3V3P Pin=C?-2
Added Pin To Net: NetName=3V3P Pin=C?-2
Added Pin To Net: NetName=3V3P Pin=C?-2
Added Pin To Net: NetName=3V3P Pin=C?-2
Added Pin To Net: NetName=3V3P Pin=C?-2
Added Pin To Net: NetName=3V3P Pin=C?-2
Added Pin To Net: NetName=3V3P Pin=C?-2
Added Pin To Net: NetName=3V3P Pin=C?-2
Added Pin To Net: NetName=3V3P Pin=P?-1
Added Pin To Net: NetName=3V3P Pin=U1-15
Added Pin To Net: NetName=3V3P Pin=U1-23
Added Pin To Net: NetName=3V3P Pin=U1-36
Added Pin To Net: NetName=3V3P Pin=U1-38
Added Pin To Net: NetName=3V3P Pin=U1-39
Added Pin To Net: NetName=3V3P Pin=U1-49
Added Pin To Net: NetName=3V3P Pin=U1-62
Added Pin To Net: NetName=3V3P Pin=U1-72
Added Pin To Net: NetName=3V3P Pin=U1-91
Added Pin To Net: NetName=3V3P Pin=U1-103
Added Pin To Net: NetName=3V3P Pin=U1-114
Added Pin To Net: NetName=3V3P Pin=U1-127
Added Pin To Net: NetName=3V3P Pin=U1-136
Added Pin To Net: NetName=3V3P Pin=U1-149
Added Pin To Net: NetName=3V3P Pin=U1-159
Added Pin To Net: NetName=3V3P Pin=U1-171
Added Pin To Net: NetName=3V3P Pin=U1-172
Added Net: Name=3V3P
Added Pin To Net: NetName=5V0P Pin=P?-5
Added Net: Name=5V0P
Added Pin To Net: NetName=19V2P Pin=P?-7
Added Net: Name=19V2P
Added Pin To Net: NetName=GND Pin=C?-1
Added Pin To Net: NetName=GND Pin=C?-1
Added Pin To Net: NetName=GND Pin=C?-1
Added Pin To Net: NetName=GND Pin=C?-1
Added Pin To Net: NetName=GND Pin=C?-1
Added Pin To Net: NetName=GND Pin=C?-1
Added Pin To Net: NetName=GND Pin=C?-1
Added Pin To Net: NetName=GND Pin=C?-1
Added Pin To Net: NetName=GND Pin=C?-1
Added Pin To Net: NetName=GND Pin=C?-1
Added Pin To Net: NetName=GND Pin=C?-1
Added Pin To Net: NetName=GND Pin=C?-1
Added Pin To Net: NetName=GND Pin=C?-1
Added Pin To Net: NetName=GND Pin=C?-1
Added Pin To Net: NetName=GND Pin=C?-1
Added Pin To Net: NetName=GND Pin=C?-1
Added Pin To Net: NetName=GND Pin=C?-1
Added Pin To Net: NetName=GND Pin=C?-1
Added Pin To Net: NetName=GND Pin=C?-1
Added Pin To Net: NetName=GND Pin=C?-2
Added Pin To Net: NetName=GND Pin=C?-2
Added Pin To Net: NetName=GND Pin=C?-2
Added Pin To Net: NetName=GND Pin=P?-2
Added Pin To Net: NetName=GND Pin=P?-4
Added Pin To Net: NetName=GND Pin=P?-6
Added Pin To Net: NetName=GND Pin=P?-8
Added Pin To Net: NetName=GND Pin=P?-10
Added Pin To Net: NetName=GND Pin=S?-2
Added Pin To Net: NetName=GND Pin=U1-14
Added Pin To Net: NetName=GND Pin=U1-22
Added Pin To Net: NetName=GND Pin=U1-37
Added Pin To Net: NetName=GND Pin=U1-48
Added Pin To Net: NetName=GND Pin=U1-61
Added Pin To Net: NetName=GND Pin=U1-71
Added Pin To Net: NetName=GND Pin=U1-90
Added Pin To Net: NetName=GND Pin=U1-102
Added Pin To Net: NetName=GND Pin=U1-113
Added Pin To Net: NetName=GND Pin=U1-126
Added Pin To Net: NetName=GND Pin=U1-135
Added Pin To Net: NetName=GND Pin=U1-148
Added Pin To Net: NetName=GND Pin=U1-158
Added Net: Name=GND
Added Pin To Net: NetName=RESET Pin=C?-2
Added Pin To Net: NetName=RESET Pin=S?-1
Added Pin To Net: NetName=RESET Pin=U1-31
Added Net: Name=RESET
Added Pin To Net: NetName=SWCLK Pin=P?-1
Added Pin To Net: NetName=SWCLK Pin=U1-137
Added Net: Name=SWCLK
Added Pin To Net: NetName=SWDIO Pin=P?-2
Added Pin To Net: NetName=SWDIO Pin=U1-124
Added Net: Name=SWDIO
Added Pin To Net: NetName=VCAP1 Pin=C?-1
Added Pin To Net: NetName=VCAP1 Pin=U1-81
Added Net: Name=VCAP1
Added Pin To Net: NetName=VCAP2 Pin=C?-1
Added Pin To Net: NetName=VCAP2 Pin=U1-125
Added Net: Name=VCAP2
Added Class: Name=CPU_Power_XTAL_Prog
