Added Pin To Net: NetName=GND Pin=C31-1
Added Pin To Net: NetName=3V3P Pin=C31-2
Added Pin To Net: NetName=GND Pin=C32-1
Added Pin To Net: NetName=3V3P Pin=C32-2
Added Pin To Net: NetName=3V3P Pin=R10-1
Added Pin To Net: NetName=SD_DETECT Pin=R10-2
Added Pin To Net: NetName=3V3P Pin=R11-1
Added Pin To Net: NetName=3V3P Pin=R12-1
Added Pin To Net: NetName=3V3P Pin=R13-1
Added Pin To Net: NetName=3V3P Pin=R14-1
Added Pin To Net: NetName=3V3P Pin=R15-1
Added Pin To Net: NetName=3V3P Pin=R16-1
Added Pin To Net: NetName=3V3P Pin=R17-1
Added Pin To Net: NetName=3V3P Pin=R18-1
Added Pin To Net: NetName=3V3P Pin=R19-1
Added Pin To Net: NetName=3V3P Pin=R20-1
Added Pin To Net: NetName=3V3P Pin=R21-1
Added Pin To Net: NetName=3V3P Pin=R22-1
Added Pin To Net: NetName=3V3P Pin=R23-1
Added Pin To Net: NetName=GND Pin=S2-0
Added Pin To Net: NetName=GND Pin=S2-0
Added Pin To Net: NetName=GND Pin=S3-0
Added Pin To Net: NetName=GND Pin=S3-0
Added Pin To Net: NetName=GND Pin=S4-0
Added Pin To Net: NetName=GND Pin=S4-0
Added Pin To Net: NetName=GND Pin=S5-0
Added Pin To Net: NetName=GND Pin=S5-0
Added Pin To Net: NetName=GND Pin=S6-0
Added Pin To Net: NetName=GND Pin=S6-0
Added Pin To Net: NetName=GND Pin=S7-0
Added Pin To Net: NetName=GND Pin=S7-0
Added Pin To Net: NetName=GND Pin=S8-0
Added Pin To Net: NetName=GND Pin=S8-0
Added Pin To Net: NetName=GND Pin=S9-0
Added Pin To Net: NetName=GND Pin=S9-0
Added Pin To Net: NetName=GND Pin=S10-0
Added Pin To Net: NetName=GND Pin=S10-0
Added Pin To Net: NetName=GND Pin=S11-0
Added Pin To Net: NetName=GND Pin=S11-0
Added Pin To Net: NetName=GND Pin=S12-0
Added Pin To Net: NetName=GND Pin=S12-0
Added Pin To Net: NetName=GND Pin=S13-0
Added Pin To Net: NetName=GND Pin=S13-0
Added Pin To Net: NetName=FMC_D4 Pin=U1-67
Added Pin To Net: NetName=INPUT_LATCH Pin=U3-1
Added Pin To Net: NetName=SPI2_INPUT_SCK Pin=U3-2
Added Pin To Net: NetName=GND Pin=U3-8
Added Pin To Net: NetName=SPI2_INPUT_MISO Pin=U3-9
Added Pin To Net: NetName=GND Pin=U3-15
Added Pin To Net: NetName=3V3P Pin=U3-16
Added Pin To Net: NetName=INPUT_LATCH Pin=U4-1
Added Pin To Net: NetName=SPI2_INPUT_SCK Pin=U4-2
Added Pin To Net: NetName=GND Pin=U4-8
Added Pin To Net: NetName=GND Pin=U4-10
Added Pin To Net: NetName=GND Pin=U4-11
Added Pin To Net: NetName=GND Pin=U4-12
Added Pin To Net: NetName=GND Pin=U4-13
Added Pin To Net: NetName=GND Pin=U4-14
Added Pin To Net: NetName=GND Pin=U4-15
Added Pin To Net: NetName=3V3P Pin=U4-16
Added Member To Class: ClassName=sdcard_ram Member=Component R10 Res1
Added Member To Class: ClassName=sdcard_ram Member=Component R11 Res1
