Change Component Footprint: Designator=R5 Old Footprint=AXIAL-0.3 New Footprint=6-0805_M
Change Component Footprint: Designator=R6 Old Footprint=AXIAL-0.3 New Footprint=6-0805_M
Change Component Footprint: Designator=R7 Old Footprint=AXIAL-0.3 New Footprint=6-0805_M
Change Component Footprint: Designator=R8 Old Footprint=AXIAL-0.3 New Footprint=6-0805_M
Change Component Footprint: Designator=R9 Old Footprint=AXIAL-0.3 New Footprint=6-0805_M
Change Component Comment : Designator=Y1 Old Comment=8 Mhz New Comment=Value
Change Component Comment : Designator=Y2 Old Comment=32.768 Khz New Comment=Value
Change Component Comment : Designator=C14 Old Comment=Cap New Comment=2.2 uF
Change Component Comment : Designator=C15 Old Comment=Cap New Comment=2.2 uF
Change Component Comment : Designator=C1 Old Comment=Cap New Comment=10 pF
Change Component Comment : Designator=C2 Old Comment=Cap New Comment=10 pF
Change Component Comment : Designator=C3 Old Comment=Cap New Comment=10 pF
Change Component Comment : Designator=C4 Old Comment=Cap New Comment=10 pF
Change Component Comment : Designator=C16 Old Comment=Cap New Comment=10 uF
Change Component Comment : Designator=C17 Old Comment=Cap New Comment=10 uF
Change Component Comment : Designator=C5 Old Comment=Cap New Comment=100nF
Change Component Comment : Designator=C6 Old Comment=Cap New Comment=100nF
Change Component Comment : Designator=C7 Old Comment=Cap New Comment=100nF
Change Component Comment : Designator=C8 Old Comment=Cap New Comment=100nF
Change Component Comment : Designator=C9 Old Comment=Cap New Comment=100nF
Change Component Comment : Designator=C10 Old Comment=Cap New Comment=100nF
Change Component Comment : Designator=C11 Old Comment=Cap New Comment=100nF
Change Component Comment : Designator=C12 Old Comment=Cap New Comment=100nF
Change Component Comment : Designator=C13 Old Comment=Cap New Comment=100nF
Change Component Comment : Designator=C18 Old Comment=Cap New Comment=100nF
Change Component Comment : Designator=C19 Old Comment=Cap New Comment=100nF
Change Component Comment : Designator=C20 Old Comment=Cap New Comment=100nF
Change Component Comment : Designator=C21 Old Comment=Cap New Comment=100nF
Change Component Comment : Designator=C22 Old Comment=Cap New Comment=100nF
Change Component Comment : Designator=C23 Old Comment=Cap New Comment=100nF
Change Component Comment : Designator=C24 Old Comment=Cap New Comment=100nF
Change Component Comment : Designator=C25 Old Comment=Cap New Comment=100nF
Change Component Comment : Designator=C26 Old Comment=Cap New Comment=.1 uF
Change Component Comment : Designator=P1 Old Comment=Power Connnector New Comment=Value
Change Component Comment : Designator=R1 Old Comment=Res1 New Comment=1K
Change Component Comment : Designator=R2 Old Comment=Res1 New Comment=1K
Change Component Comment : Designator=R3 Old Comment=Res1 New Comment=1K
Change Component Comment : Designator=R4 Old Comment=Res1 New Comment=1K
Change Component Comment : Designator=U1 Old Comment=STM32F439II6 New Comment=Value
Change Component Comment : Designator=S1 Old Comment=SW-SPST New Comment=Value
Change Component Comment : Designator=P2 Old Comment=SWD New Comment=Value
Added Component: Designator=C27(C0805)
Added Component: Designator=C28(C0805)
Added Component: Designator=C29(C0805)
Added Component: Designator=C30(C0805)
Added Pin To Net: NetName=SDIO_D3 Pin=CON1-1
Added Pin To Net: NetName=SDIO_CMD Pin=CON1-2
Added Pin To Net: NetName=GND Pin=CON1-3
Added Pin To Net: NetName=GND Pin=CON1-3
Added Pin To Net: NetName=3V3P Pin=CON1-4
Added Pin To Net: NetName=SDIO_CK Pin=CON1-5
Added Pin To Net: NetName=GND Pin=CON1-6
Added Pin To Net: NetName=GND Pin=CON1-6
Added Pin To Net: NetName=SDIO_D0 Pin=CON1-7
Added Pin To Net: NetName=SDIO_D1 Pin=CON1-8
Added Pin To Net: NetName=SDIO_D2 Pin=CON1-9
Added Pin To Net: NetName=SDIO_CMD Pin=R5-1
Added Pin To Net: NetName=3V3P Pin=R5-2
Added Pin To Net: NetName=SDIO_D3 Pin=R6-1
Added Pin To Net: NetName=3V3P Pin=R6-2
Added Pin To Net: NetName=SDIO_D2 Pin=R7-1
Added Pin To Net: NetName=3V3P Pin=R7-2
Added Pin To Net: NetName=SDIO_D1 Pin=R8-1
Added Pin To Net: NetName=3V3P Pin=R8-2
Added Pin To Net: NetName=SDIO_D0 Pin=R9-1
Added Pin To Net: NetName=3V3P Pin=R9-2
Added Pin To Net: NetName=FMC_D4 Pin=U1-67
Added Pin To Net: NetName=FMC_A4 Pin=U2-1
Added Pin To Net: NetName=FMC_A3 Pin=U2-2
Added Pin To Net: NetName=FMC_A2 Pin=U2-3
Added Pin To Net: NetName=FMC_A1 Pin=U2-4
Added Pin To Net: NetName=FMC_A0 Pin=U2-5
Added Pin To Net: NetName=RAM_NCS Pin=U2-7
Added Pin To Net: NetName=FMC_D0 Pin=U2-8
Added Pin To Net: NetName=FMC_D1 Pin=U2-9
Added Pin To Net: NetName=FMC_D2 Pin=U2-10
Added Pin To Net: NetName=FMC_D3 Pin=U2-11
Added Pin To Net: NetName=3V3P Pin=U2-12
Added Pin To Net: NetName=GND Pin=U2-13
Added Pin To Net: NetName=FMC_D4 Pin=U2-14
Added Pin To Net: NetName=FMC_D5 Pin=U2-15
Added Pin To Net: NetName=FMC_D6 Pin=U2-16
Added Pin To Net: NetName=FMC_D7 Pin=U2-17
Added Pin To Net: NetName=RAM_NWE Pin=U2-18
Added Pin To Net: NetName=FMC_A19 Pin=U2-20
Added Pin To Net: NetName=FMC_A18 Pin=U2-21
Added Pin To Net: NetName=FMC_A17 Pin=U2-22
Added Pin To Net: NetName=FMC_A16 Pin=U2-23
Added Pin To Net: NetName=FMC_A15 Pin=U2-24
Added Pin To Net: NetName=FMC_A14 Pin=U2-25
Added Pin To Net: NetName=FMC_A13 Pin=U2-26
Added Pin To Net: NetName=FMC_A12 Pin=U2-27
Added Pin To Net: NetName=FMC_A10 Pin=U2-29
Added Pin To Net: NetName=FMC_A9 Pin=U2-30
Added Pin To Net: NetName=FMC_D8 Pin=U2-32
Added Pin To Net: NetName=FMC_D9 Pin=U2-33
Added Pin To Net: NetName=FMC_D10 Pin=U2-34
Added Pin To Net: NetName=FMC_D11 Pin=U2-35
Added Pin To Net: NetName=3V3P Pin=U2-36
Added Pin To Net: NetName=GND Pin=U2-37
Added Pin To Net: NetName=FMC_D12 Pin=U2-38
Added Pin To Net: NetName=FMC_D13 Pin=U2-39
Added Pin To Net: NetName=FMC_D14 Pin=U2-40
Added Pin To Net: NetName=FMC_D15 Pin=U2-41
Added Pin To Net: NetName=GND Pin=U2-42
Added Pin To Net: NetName=GND Pin=U2-43
Added Pin To Net: NetName=RAM_NOE Pin=U2-44
Added Pin To Net: NetName=FMC_A8 Pin=U2-45
Added Pin To Net: NetName=FMC_A7 Pin=U2-46
Added Pin To Net: NetName=FMC_A6 Pin=U2-47
Added Pin To Net: NetName=FMC_A5 Pin=U2-48
