Change Component Comment : Designator=C44 Old Comment=10u New Comment=10 uF
Change Component Comment : Designator=C57 Old Comment=10u New Comment=10 uF
Change Component Comment : Designator=C45 Old Comment=47u New Comment=47 uF
Change Component Comment : Designator=C46 Old Comment=47u New Comment=47 uF
Change Component Comment : Designator=C49 Old Comment=47u New Comment=47 uF
Change Component Comment : Designator=C50 Old Comment=47u New Comment=47 uF
Change Component Comment : Designator=C52 Old Comment=47u New Comment=47 uF
Change Component Comment : Designator=C53 Old Comment=47u New Comment=47 uF
Change Component Comment : Designator=C55 Old Comment=47u New Comment=47 uF
Change Component Comment : Designator=C56 Old Comment=47u New Comment=47 uF
Change Component Comment : Designator=C42 Old Comment=Cap New Comment=4.7nF
Change Component Comment : Designator=C33 Old Comment=Cap New Comment=100nF
Change Component Comment : Designator=C35 Old Comment=Cap New Comment=100nF
Change Component Comment : Designator=C36 Old Comment=Cap New Comment=100nF
Change Component Comment : Designator=C40 Old Comment=Cap New Comment=100nF
Change Component Comment : Designator=C43 Old Comment=Cap New Comment=100nF
Change Component Comment : Designator=C38 Old Comment=Cap New Comment=220nF
Change Component Comment : Designator=C41 Old Comment=Cap New Comment=470pf
Change Component Comment : Designator=R22 Old Comment=Res1 New Comment=1k
Change Component Comment : Designator=R27 Old Comment=Res1 New Comment=1K
Change Component Comment : Designator=R25 Old Comment=Res1 New Comment=1Meg
Change Component Comment : Designator=R26 Old Comment=Res1 New Comment=4.7
Change Component Comment : Designator=R28 Old Comment=Res1 New Comment=4.7
Change Component Comment : Designator=R23 Old Comment=Res1 New Comment=10K
Change Component Comment : Designator=R24 Old Comment=Res1 New Comment=10K
Change Component Comment : Designator=R1 Old Comment=Res1 New Comment=47K
Change Component Comment : Designator=R2 Old Comment=Res1 New Comment=47K
Change Component Comment : Designator=R3 Old Comment=Res1 New Comment=47K
Change Component Comment : Designator=R4 Old Comment=Res1 New Comment=47K
Change Component Comment : Designator=R5 Old Comment=Res1 New Comment=47K
Change Component Comment : Designator=R6 Old Comment=Res1 New Comment=47K
Change Component Comment : Designator=R7 Old Comment=Res1 New Comment=47K
