Added Pin To Net: NetName=SDIO_D3 Pin=CON1-1
Added Pin To Net: NetName=SDIO_CMD Pin=CON1-2
Added Pin To Net: NetName=GND Pin=CON1-3
Added Pin To Net: NetName=GND Pin=CON1-3
Added Pin To Net: NetName=3V3P Pin=CON1-4
Added Pin To Net: NetName=SDIO_CK Pin=CON1-5
Added Pin To Net: NetName=GND Pin=CON1-6
Added Pin To Net: NetName=GND Pin=CON1-6
Added Pin To Net: NetName=SDIO_D0 Pin=CON1-7
Added Pin To Net: NetName=SDIO_D1 Pin=CON1-8
Added Pin To Net: NetName=SDIO_D2 Pin=CON1-9
Added Pin To Net: NetName=SDIO_CMD Pin=R5-1
Added Pin To Net: NetName=3V3P Pin=R5-2
Added Pin To Net: NetName=SDIO_D3 Pin=R6-1
Added Pin To Net: NetName=3V3P Pin=R6-2
Added Pin To Net: NetName=SDIO_D2 Pin=R7-1
Added Pin To Net: NetName=3V3P Pin=R7-2
Added Pin To Net: NetName=SDIO_D1 Pin=R8-1
Added Pin To Net: NetName=3V3P Pin=R8-2
Added Pin To Net: NetName=SDIO_D0 Pin=R9-1
Added Pin To Net: NetName=3V3P Pin=R9-2
Added Pin To Net: NetName=FMC_D4 Pin=U1-67
Added Pin To Net: NetName=FMC_A4 Pin=U2-1
Added Pin To Net: NetName=FMC_A3 Pin=U2-2
Added Pin To Net: NetName=FMC_A2 Pin=U2-3
Added Pin To Net: NetName=FMC_A1 Pin=U2-4
Added Pin To Net: NetName=FMC_A0 Pin=U2-5
Added Pin To Net: NetName=RAM_NCS Pin=U2-7
Added Pin To Net: NetName=FMC_D0 Pin=U2-8
Added Pin To Net: NetName=FMC_D1 Pin=U2-9
Added Pin To Net: NetName=FMC_D2 Pin=U2-10
Added Pin To Net: NetName=FMC_D3 Pin=U2-11
Added Pin To Net: NetName=3V3P Pin=U2-12
Added Pin To Net: NetName=GND Pin=U2-13
Added Pin To Net: NetName=FMC_D4 Pin=U2-14
Added Pin To Net: NetName=FMC_D5 Pin=U2-15
Added Pin To Net: NetName=FMC_D6 Pin=U2-16
Added Pin To Net: NetName=FMC_D7 Pin=U2-17
Added Pin To Net: NetName=RAM_NWE Pin=U2-18
Added Pin To Net: NetName=FMC_A19 Pin=U2-20
Added Pin To Net: NetName=FMC_A18 Pin=U2-21
Added Pin To Net: NetName=FMC_A17 Pin=U2-22
Added Pin To Net: NetName=FMC_A16 Pin=U2-23
Added Pin To Net: NetName=FMC_A15 Pin=U2-24
Added Pin To Net: NetName=FMC_A14 Pin=U2-25
Added Pin To Net: NetName=FMC_A13 Pin=U2-26
Added Pin To Net: NetName=FMC_A12 Pin=U2-27
Added Pin To Net: NetName=FMC_A10 Pin=U2-29
Added Pin To Net: NetName=FMC_A9 Pin=U2-30
Added Pin To Net: NetName=FMC_D8 Pin=U2-32
Added Pin To Net: NetName=FMC_D9 Pin=U2-33
Added Pin To Net: NetName=FMC_D10 Pin=U2-34
Added Pin To Net: NetName=FMC_D11 Pin=U2-35
Added Pin To Net: NetName=3V3P Pin=U2-36
Added Pin To Net: NetName=GND Pin=U2-37
Added Pin To Net: NetName=FMC_D12 Pin=U2-38
Added Pin To Net: NetName=FMC_D13 Pin=U2-39
Added Pin To Net: NetName=FMC_D14 Pin=U2-40
Added Pin To Net: NetName=FMC_D15 Pin=U2-41
Added Pin To Net: NetName=GND Pin=U2-42
Added Pin To Net: NetName=GND Pin=U2-43
Added Pin To Net: NetName=RAM_NOE Pin=U2-44
Added Pin To Net: NetName=FMC_A8 Pin=U2-45
Added Pin To Net: NetName=FMC_A7 Pin=U2-46
Added Pin To Net: NetName=FMC_A6 Pin=U2-47
Added Pin To Net: NetName=FMC_A5 Pin=U2-48
