Removed Pin From Net: NetName=SDA Pin=*-3
Removed Pin From Net: NetName=Net*_4 Pin=*-4
Removed Pin From Net: NetName=Net*_5 Pin=*-5
Removed Pin From Net: NetName=Net*_6 Pin=*-6
Removed Pin From Net: NetName=Net*_8 Pin=*-8
Removed Pin From Net: NetName=PVDD Pin=C5-1
Removed Pin From Net: NetName=PVSS Pin=C5-2
Change Component Footprint: Designator=C1 Old Footprint=RAD-0.3 New Footprint=RADIAL CAPACITOR - 1uFT
Change Component Footprint: Designator=C2 Old Footprint=RAD-0.3 New Footprint=RADIAL CAPACITOR - 1uFT
Change Component Footprint: Designator=C3 Old Footprint=RAD-0.3 New Footprint=RADIAL CAPACITOR - 1uFT
Change Component Footprint: Designator=C4 Old Footprint=RAD-0.3 New Footprint=RADIAL CAPACITOR - 1uFT
Change Component Footprint: Designator=C5 Old Footprint=RAD-0.3 New Footprint=RADIAL CAPACITOR - 1uFT
Change Component Footprint: Designator=C6 Old Footprint=RAD-0.3 New Footprint=RADIAL CAPACITOR - 1uFT
Change Component Footprint: Designator=C7 Old Footprint=RAD-0.3 New Footprint=RADIAL CAPACITOR - 1uFT
Change Component Footprint: Designator=C8 Old Footprint=RAD-0.3 New Footprint=RADIAL CAPACITOR - 1uFT
Added Pin To Net: NetName=3.3V Pin=*-1
Added Pin To Net: NetName=GROUND Pin=*-2
Added Pin To Net: NetName=LCKT Pin=*-3
Added Pin To Net: NetName=SDA Pin=*-3
Added Pin To Net: NetName=MCLK Pin=*-4
Added Pin To Net: NetName=Net*_4 Pin=*-4
Added Pin To Net: NetName=Net*_5 Pin=*-5
Added Pin To Net: NetName=GROUND Pin=*-6
Added Pin To Net: NetName=Net*_6 Pin=*-6
Added Pin To Net: NetName=3.3V Pin=*-7
Added Pin To Net: NetName=Net*_8 Pin=*-8
Added Pin To Net: NetName=PVSS Pin=C5-1
Added Pin To Net: NetName=PVDD Pin=C5-2
Added Room: Name=Audio
