Added Component: Designator=*(SOP28)
Added Component: Designator=*(SOIC8_DAC)
Added Component: Designator=C1(RAD-0.3)
Added Component: Designator=C2(RAD-0.3)
Added Component: Designator=C3(RAD-0.3)
Added Component: Designator=C4(RAD-0.3)
Added Component: Designator=C5(RAD-0.3)
Added Component: Designator=C6(RAD-0.3)
Added Component: Designator=C7(RAD-0.3)
Added Component: Designator=C8(RAD-0.3)
Added Component: Designator=P1(HDR1X14)
Added Component: Designator=P2(HDR1X14)
Added Component: Designator=P3(HDR1X3)
Added Component: Designator=P4(HDR1X4)
Added Component: Designator=P5(HDR1X4)
Added Component: Designator=R1(AXIAL-0.3)
Added Component: Designator=R2(AXIAL-0.3)
Added Component: Designator=R3(AXIAL-0.3)
Added Component: Designator=R4(AXIAL-0.3)
Added Pin To Net: NetName=3.3V Pin=*-1
Added Pin To Net: NetName=3.3V Pin=*-7
Added Pin To Net: NetName=3.3V Pin=C1-2
Added Pin To Net: NetName=3.3V Pin=C2-2
Added Pin To Net: NetName=3.3V Pin=C3-2
Added Pin To Net: NetName=3.3V Pin=C4-2
Added Pin To Net: NetName=3.3V Pin=P1-1
Added Pin To Net: NetName=3.3V Pin=P1-8
Added Pin To Net: NetName=3.3V Pin=P1-14
Added Pin To Net: NetName=3.3V Pin=P2-5
Added Pin To Net: NetName=3.3V Pin=P2-6
Added Pin To Net: NetName=3.3V Pin=P2-13
Added Pin To Net: NetName=3.3V Pin=P3-1
Added Pin To Net: NetName=3.3V Pin=R1-2
Added Pin To Net: NetName=3.3V Pin=R2-1
Added Net: Name=3.3V
Added Pin To Net: NetName=FILT Pin=C6-2
Added Pin To Net: NetName=FILT Pin=P2-10
Added Pin To Net: NetName=FILT Pin=R3-1
Added Net: Name=FILT
Added Pin To Net: NetName=GROUND Pin=*-2
Added Pin To Net: NetName=GROUND Pin=*-6
Added Pin To Net: NetName=GROUND Pin=C1-1
Added Pin To Net: NetName=GROUND Pin=C2-1
Added Pin To Net: NetName=GROUND Pin=C3-1
Added Pin To Net: NetName=GROUND Pin=C4-1
Added Pin To Net: NetName=GROUND Pin=C6-1
Added Pin To Net: NetName=GROUND Pin=C7-1
Added Pin To Net: NetName=GROUND Pin=C8-1
Added Pin To Net: NetName=GROUND Pin=P1-2
Added Pin To Net: NetName=GROUND Pin=P1-13
Added Pin To Net: NetName=GROUND Pin=P2-2
Added Pin To Net: NetName=GROUND Pin=P2-4
Added Pin To Net: NetName=GROUND Pin=P2-7
Added Pin To Net: NetName=GROUND Pin=P2-14
Added Pin To Net: NetName=GROUND Pin=P3-3
Added Pin To Net: NetName=GROUND Pin=P5-3
Added Pin To Net: NetName=GROUND Pin=R4-2
Added Net: Name=GROUND
Added Pin To Net: NetName=LCKT Pin=*-3
Added Pin To Net: NetName=LCKT Pin=P1-4
Added Pin To Net: NetName=LCKT Pin=P4-2
Added Net: Name=LCKT
Added Pin To Net: NetName=MCLK Pin=*-4
Added Pin To Net: NetName=MCLK Pin=P1-3
Added Pin To Net: NetName=MCLK Pin=P4-1
Added Net: Name=MCLK
Added Pin To Net: NetName=Net*_4 Pin=*-4
Added Pin To Net: NetName=Net*_4 Pin=P1-11
Added Net: Name=Net*_4
Added Pin To Net: NetName=Net*_5 Pin=*-5
Added Pin To Net: NetName=Net*_5 Pin=P1-10
Added Net: Name=Net*_5
Added Pin To Net: NetName=Net*_6 Pin=*-6
Added Pin To Net: NetName=Net*_6 Pin=P1-9
Added Net: Name=Net*_6
Added Pin To Net: NetName=Net*_8 Pin=*-8
Added Pin To Net: NetName=Net*_8 Pin=P1-7
Added Net: Name=Net*_8
Added Pin To Net: NetName=Net*_20 Pin=P2-9
Added Net: Name=Net*_20
Added Pin To Net: NetName=Net*_21 Pin=P2-8
Added Net: Name=Net*_21
Added Pin To Net: NetName=Net*_26 Pin=P2-3
Added Net: Name=Net*_26
Added Pin To Net: NetName=Net*_28 Pin=P2-1
Added Net: Name=Net*_28
Added Pin To Net: NetName=NetC7_2 Pin=C7-2
Added Pin To Net: NetName=NetC7_2 Pin=R3-2
Added Net: Name=NetC7_2
Added Pin To Net: NetName=PVDD Pin=C5-1
Added Pin To Net: NetName=PVDD Pin=P2-12
Added Pin To Net: NetName=PVDD Pin=R2-2
Added Net: Name=PVDD
Added Pin To Net: NetName=PVSS Pin=C5-2
Added Pin To Net: NetName=PVSS Pin=P2-11
Added Pin To Net: NetName=PVSS Pin=R4-1
Added Net: Name=PVSS
Added Pin To Net: NetName=SCKT Pin=*-2
Added Pin To Net: NetName=SCKT Pin=P1-5
Added Pin To Net: NetName=SCKT Pin=P4-3
Added Net: Name=SCKT
Added Pin To Net: NetName=SDA Pin=*-3
Added Pin To Net: NetName=SDA Pin=P1-12
Added Pin To Net: NetName=SDA Pin=R1-1
Added Net: Name=SDA
Added Pin To Net: NetName=SDO Pin=*-1
Added Pin To Net: NetName=SDO Pin=P1-6
Added Pin To Net: NetName=SDO Pin=P4-4
Added Net: Name=SDO
Added Pin To Net: NetName=VA Pin=*-7
Added Pin To Net: NetName=VA Pin=C8-2
Added Pin To Net: NetName=VA Pin=P3-2
Added Pin To Net: NetName=VA Pin=P5-2
Added Net: Name=VA
Added Class: Name=Audio
